TN:
SF:./src/client/app/modules/charts/charts.module.js
FN:1,(anonymous_1)
FNF:1
FNH:1
FNDA:1,(anonymous_1)
DA:1,1
DA:4,1
LF:2
LH:2
BRF:0
BRH:0
end_of_record
TN:
SF:./src/client/app/modules/dashboard/dashboard.module.js
FN:1,(anonymous_1)
FNF:1
FNH:1
FNDA:1,(anonymous_1)
DA:1,1
DA:4,1
LF:2
LH:2
BRF:0
BRH:0
end_of_record
TN:
SF:./src/client/app/modules/documentation/documentation.module.js
FN:1,(anonymous_1)
FNF:1
FNH:1
FNDA:1,(anonymous_1)
DA:1,1
DA:4,1
LF:2
LH:2
BRF:0
BRH:0
end_of_record
TN:
SF:./src/client/app/modules/forms/forms.module.js
FN:1,(anonymous_1)
FNF:1
FNH:1
FNDA:1,(anonymous_1)
DA:1,1
DA:4,1
LF:2
LH:2
BRF:0
BRH:0
end_of_record
TN:
SF:./src/client/app/modules/localization/localization.module.js
FN:1,(anonymous_1)
FNF:1
FNH:1
FNDA:1,(anonymous_1)
DA:1,1
DA:4,1
LF:2
LH:2
BRF:0
BRH:0
end_of_record
TN:
SF:./src/client/app/modules/maps/maps.module.js
FN:1,(anonymous_1)
FNF:1
FNH:1
FNDA:1,(anonymous_1)
DA:1,1
DA:4,1
LF:2
LH:2
BRF:0
BRH:0
end_of_record
TN:
SF:./src/client/app/modules/tables/tables.module.js
FN:1,(anonymous_1)
FNF:1
FNH:1
FNDA:1,(anonymous_1)
DA:1,1
DA:4,1
LF:2
LH:2
BRF:0
BRH:0
end_of_record
TN:
SF:./src/client/app/modules/charts/charts.route.js
FN:1,(anonymous_1)
FN:11,appRun
FN:14,getStates
FNF:3
FNH:3
FNDA:1,(anonymous_1)
FNDA:45,appRun
FNDA:45,getStates
DA:1,1
DA:4,1
DA:8,1
DA:11,1
DA:12,45
DA:14,1
DA:15,45
LF:7
LH:7
BRF:0
BRH:0
end_of_record
TN:
SF:./src/client/app/modules/charts/controllers/chartjs.controller.js
FN:6,(anonymous_1)
FN:15,ChartJSController
FN:24,activate
FN:30,rFactor
FN:34,init
FNF:5
FNH:5
FNDA:1,(anonymous_1)
FNDA:3,ChartJSController
FNDA:3,activate
FNDA:84,rFactor
FNDA:3,init
DA:6,1
DA:9,1
DA:13,1
DA:15,1
DA:18,3
DA:20,3
DA:22,3
DA:24,1
DA:25,3
DA:26,3
DA:30,1
DA:31,84
DA:34,1
DA:38,3
DA:65,3
DA:84,3
DA:104,3
DA:119,3
DA:140,3
DA:154,3
DA:175,3
DA:189,3
DA:216,3
DA:236,3
DA:262,3
LF:25
LH:25
BRF:0
BRH:0
end_of_record
TN:
SF:./src/client/app/modules/charts/controllers/flot.controller.js
FN:6,(anonymous_1)
FN:15,Flot
FN:36,activate
FN:47,(anonymous_4)
FN:52,getBarChart
FN:53,(anonymous_6)
FN:59,getBarstackedChart
FN:60,(anonymous_8)
FN:66,getSplineChart
FN:67,(anonymous_10)
FN:73,getAreaChart
FN:74,(anonymous_12)
FN:80,getLineChart
FN:81,(anonymous_14)
FN:87,getPieChart
FN:88,(anonymous_16)
FN:94,getDonutChart
FN:95,(anonymous_18)
FN:121,(anonymous_19)
FN:157,(anonymous_20)
FN:200,(anonymous_21)
FN:213,(anonymous_22)
FN:241,(anonymous_23)
FN:253,(anonymous_24)
FN:281,(anonymous_25)
FN:306,(anonymous_26)
FN:346,(anonymous_27)
FN:362,getRandomData
FN:384,update
FNF:29
FNH:20
FNDA:1,(anonymous_1)
FNDA:18,Flot
FNDA:18,activate
FNDA:18,(anonymous_4)
FNDA:18,getBarChart
FNDA:18,(anonymous_6)
FNDA:18,getBarstackedChart
FNDA:18,(anonymous_8)
FNDA:18,getSplineChart
FNDA:18,(anonymous_10)
FNDA:18,getAreaChart
FNDA:18,(anonymous_12)
FNDA:18,getLineChart
FNDA:18,(anonymous_14)
FNDA:18,getPieChart
FNDA:18,(anonymous_16)
FNDA:18,getDonutChart
FNDA:18,(anonymous_18)
FNDA:0,(anonymous_19)
FNDA:0,(anonymous_20)
FNDA:0,(anonymous_21)
FNDA:0,(anonymous_22)
FNDA:0,(anonymous_23)
FNDA:0,(anonymous_24)
FNDA:0,(anonymous_25)
FNDA:0,(anonymous_26)
FNDA:0,(anonymous_27)
FNDA:18,getRandomData
FNDA:18,update
DA:6,1
DA:9,1
DA:13,1
DA:15,1
DA:17,18
DA:20,18
DA:22,18
DA:24,18
DA:25,18
DA:26,18
DA:27,18
DA:28,18
DA:29,18
DA:30,18
DA:31,18
DA:32,18
DA:34,18
DA:36,1
DA:37,18
DA:47,18
DA:48,18
DA:52,1
DA:53,18
DA:54,18
DA:55,18
DA:59,1
DA:60,18
DA:61,18
DA:62,18
DA:66,1
DA:67,18
DA:68,18
DA:69,18
DA:73,1
DA:74,18
DA:75,18
DA:76,18
DA:80,1
DA:81,18
DA:82,18
DA:83,18
DA:87,1
DA:88,18
DA:89,18
DA:90,18
DA:94,1
DA:95,18
DA:96,18
DA:97,18
DA:103,18
DA:122,0
DA:138,18
DA:158,0
DA:176,18
DA:201,0
DA:214,0
DA:222,18
DA:242,0
DA:254,0
DA:262,18
DA:282,0
DA:298,18
DA:307,0
DA:323,18
DA:334,18
DA:347,0
DA:362,1
DA:363,18
DA:364,0
DA:366,18
DA:367,5400
DA:369,5400
DA:370,88
DA:371,5312
DA:372,59
DA:374,5400
DA:377,18
DA:378,18
DA:379,5400
DA:381,18
DA:384,1
DA:385,18
DA:386,18
LF:83
LH:73
BRDA:130,1,0,0
BRDA:130,1,1,18
BRDA:168,2,0,0
BRDA:168,2,1,18
BRDA:212,3,0,0
BRDA:212,3,1,18
BRDA:252,4,0,0
BRDA:252,4,1,18
BRDA:290,5,0,0
BRDA:290,5,1,18
BRDA:363,6,0,0
BRDA:363,6,1,18
BRDA:367,7,0,5382
BRDA:367,7,1,18
BRDA:369,8,0,88
BRDA:369,8,1,5312
BRDA:371,9,0,59
BRDA:371,9,1,5253
BRF:18
BRH:12
end_of_record
TN:
SF:./src/client/app/modules/charts/services/chart.dataservice.js
FN:8,(anonymous_1)
FN:30,ChartDataservice
FN:51,getBarChart
FN:54,(anonymous_4)
FN:59,getBarChartComplete
FN:64,getBarstackedChart
FN:67,(anonymous_7)
FN:72,getBarstackedChartComplete
FN:77,getSplineChart
FN:80,(anonymous_10)
FN:85,getSplineChartComplete
FN:90,getAreaChart
FN:93,(anonymous_13)
FN:98,getAreaChartComplete
FN:103,getLineChart
FN:106,(anonymous_16)
FN:111,getLineChartComplete
FN:116,getPieChart
FN:119,(anonymous_19)
FN:124,getPieChartComplete
FN:129,getDonutChart
FN:132,(anonymous_22)
FN:137,getDonutChartComplete
FN:142,getReady
FN:154,ready
FN:156,(anonymous_26)
FNF:26
FNH:19
FNDA:1,(anonymous_1)
FNDA:42,ChartDataservice
FNDA:2,getBarChart
FNDA:0,(anonymous_4)
FNDA:2,getBarChartComplete
FNDA:2,getBarstackedChart
FNDA:0,(anonymous_7)
FNDA:2,getBarstackedChartComplete
FNDA:2,getSplineChart
FNDA:0,(anonymous_10)
FNDA:2,getSplineChartComplete
FNDA:2,getAreaChart
FNDA:0,(anonymous_13)
FNDA:2,getAreaChartComplete
FNDA:2,getLineChart
FNDA:0,(anonymous_16)
FNDA:2,getLineChartComplete
FNDA:2,getPieChart
FNDA:0,(anonymous_19)
FNDA:2,getPieChartComplete
FNDA:2,getDonutChart
FNDA:0,(anonymous_22)
FNDA:2,getDonutChartComplete
FNDA:1,getReady
FNDA:1,ready
FNDA:1,(anonymous_26)
DA:8,1
DA:11,1
DA:15,1
DA:30,1
DA:32,42
DA:33,42
DA:34,42
DA:36,42
DA:47,42
DA:51,1
DA:52,2
DA:55,0
DA:56,0
DA:59,1
DA:60,2
DA:64,1
DA:65,2
DA:68,0
DA:69,0
DA:72,1
DA:73,2
DA:77,1
DA:78,2
DA:81,0
DA:82,0
DA:85,1
DA:86,2
DA:90,1
DA:91,2
DA:94,0
DA:95,0
DA:98,1
DA:99,2
DA:103,1
DA:104,2
DA:107,0
DA:108,0
DA:111,1
DA:112,2
DA:116,1
DA:117,2
DA:120,0
DA:121,0
DA:124,1
DA:125,2
DA:129,1
DA:130,2
DA:133,0
DA:134,0
DA:137,1
DA:138,2
DA:142,1
DA:143,1
DA:148,1
DA:149,1
DA:151,1
DA:154,1
DA:155,1
DA:157,1
LF:59
LH:45
BRDA:143,1,0,1
BRDA:143,1,1,0
BRDA:157,2,0,0
BRDA:157,2,1,1
BRF:4
BRH:2
end_of_record
TN:
SF:./src/client/app/modules/dashboard/dashboard.route.js
FN:1,(anonymous_1)
FN:11,appRun
FN:14,getStates
FN:31,(anonymous_4)
FN:33,(anonymous_5)
FNF:5
FNH:3
FNDA:1,(anonymous_1)
FNDA:3,appRun
FNDA:3,getStates
FNDA:0,(anonymous_4)
FNDA:0,(anonymous_5)
DA:1,1
DA:4,1
DA:8,1
DA:11,1
DA:12,3
DA:14,1
DA:15,3
DA:32,0
DA:33,0
DA:34,0
LF:10
LH:7
BRF:0
BRH:0
end_of_record
TN:
SF:./src/client/app/modules/documentation/documentation.route.js
FN:1,(anonymous_1)
FN:11,appRun
FN:14,getStates
FNF:3
FNH:3
FNDA:1,(anonymous_1)
FNDA:3,appRun
FNDA:3,getStates
DA:1,1
DA:4,1
DA:8,1
DA:11,1
DA:12,3
DA:14,1
DA:15,3
LF:7
LH:7
BRF:0
BRH:0
end_of_record
TN:
SF:./src/client/app/modules/forms/controllers/demo.controller.js
FN:1,(anonymous_1)
FN:10,FormDemoCtrl
FN:24,activate
FN:26,(anonymous_4)
FN:31,getCities
FN:32,(anonymous_6)
FN:38,getChosenStates
FN:39,(anonymous_8)
FN:45,alertSubmit
FNF:9
FNH:8
FNDA:1,(anonymous_1)
FNDA:5,FormDemoCtrl
FNDA:5,activate
FNDA:5,(anonymous_4)
FNDA:5,getCities
FNDA:5,(anonymous_6)
FNDA:5,getChosenStates
FNDA:5,(anonymous_8)
FNDA:0,alertSubmit
DA:1,1
DA:4,1
DA:8,1
DA:10,1
DA:13,5
DA:15,5
DA:16,5
DA:17,5
DA:18,5
DA:20,5
DA:24,1
DA:25,5
DA:26,5
DA:27,5
DA:31,1
DA:32,5
DA:33,5
DA:34,5
DA:38,1
DA:39,5
DA:40,5
DA:41,5
DA:45,1
DA:46,0
DA:47,0
LF:25
LH:23
BRF:0
BRH:0
end_of_record
TN:
SF:./src/client/app/modules/forms/controllers/imgcrop.controller.js
FN:6,(anonymous_1)
FN:15,ImageCropController
FN:17,(anonymous_3)
FN:25,(anonymous_4)
FN:28,(anonymous_5)
FN:29,(anonymous_6)
FNF:6
FNH:1
FNDA:1,(anonymous_1)
FNDA:0,ImageCropController
FNDA:0,(anonymous_3)
FNDA:0,(anonymous_4)
FNDA:0,(anonymous_5)
FNDA:0,(anonymous_6)
DA:6,1
DA:9,1
DA:13,1
DA:15,1
DA:17,0
DA:18,0
DA:19,0
DA:20,0
DA:23,0
DA:25,0
DA:26,0
DA:27,0
DA:28,0
DA:29,0
DA:30,0
DA:33,0
DA:34,0
DA:37,0
LF:18
LH:4
BRDA:33,1,0,0
BRDA:33,1,1,0
BRF:2
BRH:0
end_of_record
TN:
SF:./src/client/app/modules/forms/controllers/uiselect.controller.js
FN:6,(anonymous_1)
FN:15,uiSelectController
FN:18,(anonymous_3)
FN:22,(anonymous_4)
FN:26,(anonymous_5)
FN:45,(anonymous_6)
FN:50,(anonymous_7)
FN:304,(anonymous_8)
FN:315,(anonymous_9)
FN:338,(anonymous_10)
FN:345,propsFilter
FN:346,(anonymous_12)
FN:350,(anonymous_13)
FNF:13
FNH:2
FNDA:1,(anonymous_1)
FNDA:0,uiSelectController
FNDA:0,(anonymous_3)
FNDA:0,(anonymous_4)
FNDA:0,(anonymous_5)
FNDA:0,(anonymous_6)
FNDA:0,(anonymous_7)
FNDA:0,(anonymous_8)
FNDA:0,(anonymous_9)
FNDA:1,(anonymous_10)
FNDA:0,propsFilter
FNDA:0,(anonymous_12)
FNDA:0,(anonymous_13)
DA:6,1
DA:9,1
DA:13,1
DA:15,1
DA:16,0
DA:18,0
DA:19,0
DA:22,0
DA:23,0
DA:26,0
DA:27,0
DA:28,0
DA:29,0
DA:32,0
DA:33,0
DA:44,0
DA:45,0
DA:46,0
DA:47,0
DA:51,0
DA:55,0
DA:56,0
DA:304,0
DA:306,0
DA:307,0
DA:309,0
DA:310,0
DA:314,0
DA:315,0
DA:316,0
DA:317,0
DA:320,0
DA:322,0
DA:323,0
DA:324,0
DA:325,0
DA:326,0
DA:338,1
DA:341,1
DA:345,1
DA:346,0
DA:347,0
DA:349,0
DA:350,0
DA:351,0
DA:353,0
DA:354,0
DA:355,0
DA:356,0
DA:357,0
DA:358,0
DA:359,0
DA:363,0
DA:364,0
DA:369,0
DA:372,0
LF:56
LH:7
BRDA:306,1,0,0
BRDA:306,1,1,0
BRDA:306,2,0,0
BRDA:306,2,1,0
BRDA:309,3,0,0
BRDA:309,3,1,0
BRDA:309,4,0,0
BRDA:309,4,1,0
BRDA:349,5,0,0
BRDA:349,5,1,0
BRDA:357,6,0,0
BRDA:357,6,1,0
BRDA:363,7,0,0
BRDA:363,7,1,0
BRF:14
BRH:0
end_of_record
TN:
SF:./src/client/app/modules/forms/controllers/upload.controller.js
FN:5,(anonymous_1)
FN:14,FileUploadController
FN:24,(anonymous_3)
FN:31,(anonymous_4)
FN:34,(anonymous_5)
FN:37,(anonymous_6)
FN:40,(anonymous_7)
FN:43,(anonymous_8)
FN:46,(anonymous_9)
FN:49,(anonymous_10)
FN:52,(anonymous_11)
FN:55,(anonymous_12)
FN:58,(anonymous_13)
FN:61,(anonymous_14)
FNF:14
FNH:1
FNDA:1,(anonymous_1)
FNDA:0,FileUploadController
FNDA:0,(anonymous_3)
FNDA:0,(anonymous_4)
FNDA:0,(anonymous_5)
FNDA:0,(anonymous_6)
FNDA:0,(anonymous_7)
FNDA:0,(anonymous_8)
FNDA:0,(anonymous_9)
FNDA:0,(anonymous_10)
FNDA:0,(anonymous_11)
FNDA:0,(anonymous_12)
FNDA:0,(anonymous_13)
FNDA:0,(anonymous_14)
DA:5,1
DA:8,1
DA:12,1
DA:14,1
DA:16,0
DA:22,0
DA:25,0
DA:31,0
DA:32,0
DA:34,0
DA:35,0
DA:37,0
DA:38,0
DA:40,0
DA:41,0
DA:43,0
DA:44,0
DA:46,0
DA:47,0
DA:49,0
DA:50,0
DA:52,0
DA:53,0
DA:55,0
DA:56,0
DA:58,0
DA:59,0
DA:61,0
DA:62,0
DA:65,0
LF:30
LH:4
BRF:0
BRH:0
end_of_record
TN:
SF:./src/client/app/modules/forms/controllers/xeditable.controller.js
FN:6,(anonymous_1)
FN:15,FormxEditableController
FN:56,(anonymous_3)
FN:71,(anonymous_4)
FN:72,(anonymous_5)
FN:77,(anonymous_6)
FNF:6
FNH:1
FNDA:1,(anonymous_1)
FNDA:0,FormxEditableController
FNDA:0,(anonymous_3)
FNDA:0,(anonymous_4)
FNDA:0,(anonymous_5)
FNDA:0,(anonymous_6)
DA:6,1
DA:9,1
DA:13,1
DA:15,1
DA:17,0
DA:19,0
DA:20,0
DA:21,0
DA:22,0
DA:26,0
DA:45,0
DA:49,0
DA:56,0
DA:57,0
DA:58,0
DA:64,0
DA:69,0
DA:71,0
DA:72,0
DA:73,0
DA:77,0
DA:78,0
DA:79,0
DA:80,0
DA:87,0
DA:91,0
LF:26
LH:4
BRDA:58,1,0,0
BRDA:58,1,1,0
BRDA:58,2,0,0
BRDA:58,2,1,0
BRDA:72,3,0,0
BRDA:72,3,1,0
BRDA:78,4,0,0
BRDA:78,4,1,0
BRDA:80,5,0,0
BRDA:80,5,1,0
BRF:10
BRH:0
end_of_record
TN:
SF:./src/client/app/modules/forms/forms.route.js
FN:1,(anonymous_1)
FN:11,appRun
FN:14,getStates
FNF:3
FNH:3
FNDA:1,(anonymous_1)
FNDA:8,appRun
FNDA:8,getStates
DA:1,1
DA:4,1
DA:8,1
DA:11,1
DA:12,8
DA:14,1
DA:15,8
LF:7
LH:7
BRF:0
BRH:0
end_of_record
TN:
SF:./src/client/app/modules/forms/services/forms.dataservice.js
FN:8,(anonymous_1)
FN:30,formsDataservice
FN:46,getCities
FN:49,(anonymous_4)
FN:54,getCitiesComplete
FN:59,getChosenStates
FN:62,(anonymous_7)
FN:67,getChosenStatesComplete
FN:72,getReady
FN:84,ready
FN:86,(anonymous_11)
FNF:11
FNH:2
FNDA:1,(anonymous_1)
FNDA:5,formsDataservice
FNDA:0,getCities
FNDA:0,(anonymous_4)
FNDA:0,getCitiesComplete
FNDA:0,getChosenStates
FNDA:0,(anonymous_7)
FNDA:0,getChosenStatesComplete
FNDA:0,getReady
FNDA:0,ready
FNDA:0,(anonymous_11)
DA:8,1
DA:11,1
DA:15,1
DA:30,1
DA:32,5
DA:33,5
DA:34,5
DA:36,5
DA:42,5
DA:46,1
DA:47,0
DA:50,0
DA:51,0
DA:54,1
DA:55,0
DA:59,1
DA:60,0
DA:63,0
DA:64,0
DA:67,1
DA:68,0
DA:72,1
DA:73,0
DA:78,0
DA:79,0
DA:81,0
DA:84,1
DA:85,0
DA:87,0
LF:29
LH:15
BRDA:73,1,0,0
BRDA:73,1,1,0
BRDA:87,2,0,0
BRDA:87,2,1,0
BRF:4
BRH:0
end_of_record
TN:
SF:./src/client/app/modules/localization/controllers/localization.controller.js
FN:6,(anonymous_1)
FN:15,LocalizationController
FN:24,activate
FN:29,init
FNF:4
FNH:4
FNDA:1,(anonymous_1)
FNDA:1,LocalizationController
FNDA:1,activate
FNDA:1,init
DA:6,1
DA:9,1
DA:13,1
DA:15,1
DA:18,1
DA:20,1
DA:22,1
DA:24,1
DA:25,1
DA:26,1
DA:29,1
DA:30,1
DA:41,1
DA:42,1
DA:43,1
LF:15
LH:15
BRF:0
BRH:0
end_of_record
TN:
SF:./src/client/app/modules/localization/localization.route.js
FN:1,(anonymous_1)
FN:11,appRun
FN:14,getStates
FNF:3
FNH:3
FNDA:1,(anonymous_1)
FNDA:1,appRun
FNDA:1,getStates
DA:1,1
DA:4,1
DA:8,1
DA:11,1
DA:12,1
DA:14,1
DA:15,1
LF:7
LH:7
BRF:0
BRH:0
end_of_record
TN:
SF:./src/client/app/modules/maps/controllers/gmap.controller.js
FN:6,(anonymous_1)
FN:15,GMapController
FN:26,activate
FN:27,(anonymous_4)
FN:32,loadMap
FN:34,(anonymous_6)
FNF:6
FNH:4
FNDA:1,(anonymous_1)
FNDA:3,GMapController
FNDA:3,activate
FNDA:0,(anonymous_4)
FNDA:3,loadMap
FNDA:0,(anonymous_6)
DA:6,1
DA:9,1
DA:13,1
DA:15,1
DA:18,3
DA:19,3
DA:20,3
DA:22,3
DA:24,3
DA:26,1
DA:27,3
DA:28,0
DA:32,1
DA:33,3
DA:34,3
DA:35,0
DA:36,0
LF:17
LH:14
BRF:0
BRH:0
end_of_record
TN:
SF:./src/client/app/modules/maps/controllers/gmap.modal.controller.js
FN:6,(anonymous_1)
FN:15,ModalGmapController
FN:25,activate
FN:29,open
FN:42,ModalInstanceCtrl
FN:48,(anonymous_6)
FN:57,ok
FN:61,cancel
FNF:8
FNH:1
FNDA:1,(anonymous_1)
FNDA:0,ModalGmapController
FNDA:0,activate
FNDA:0,open
FNDA:0,ModalInstanceCtrl
FNDA:0,(anonymous_6)
FNDA:0,ok
FNDA:0,cancel
DA:6,1
DA:9,1
DA:13,1
DA:15,1
DA:18,0
DA:20,0
DA:21,0
DA:23,0
DA:25,1
DA:26,0
DA:29,1
DA:30,0
DA:40,0
DA:42,1
DA:44,0
DA:45,0
DA:46,0
DA:48,0
DA:54,0
DA:57,1
DA:58,0
DA:61,1
DA:62,0
LF:23
LH:9
BRF:0
BRH:0
end_of_record
TN:
SF:./src/client/app/modules/maps/controllers/vectormap.controller.js
FN:6,(anonymous_1)
FN:15,VectorMapController
FN:21,activate
FNF:3
FNH:3
FNDA:1,(anonymous_1)
FNDA:3,VectorMapController
FNDA:3,activate
DA:6,1
DA:9,1
DA:13,1
DA:15,1
DA:17,3
DA:19,3
DA:21,1
DA:22,3
DA:25,3
DA:39,3
LF:10
LH:10
BRF:0
BRH:0
end_of_record
TN:
SF:./src/client/app/modules/maps/maps.route.js
FN:1,(anonymous_1)
FN:11,appRun
FN:14,getStates
FN:22,(anonymous_4)
FNF:4
FNH:3
FNDA:1,(anonymous_1)
FNDA:9,appRun
FNDA:9,getStates
FNDA:0,(anonymous_4)
DA:1,1
DA:4,1
DA:8,1
DA:11,1
DA:12,9
DA:14,1
DA:15,9
DA:23,0
LF:8
LH:7
BRF:0
BRH:0
end_of_record
TN:
SF:./src/client/app/modules/tables/controllers/datatable.controller.js
FN:6,(anonymous_1)
FN:15,DataTableController
FN:28,activate
FN:29,(anonymous_4)
FN:38,init
FN:39,(anonymous_6)
FN:84,(anonymous_7)
FN:133,(anonymous_8)
FN:141,(anonymous_9)
FNF:9
FNH:4
FNDA:1,(anonymous_1)
FNDA:5,DataTableController
FNDA:5,activate
FNDA:0,(anonymous_4)
FNDA:5,init
FNDA:0,(anonymous_6)
FNDA:0,(anonymous_7)
FNDA:0,(anonymous_8)
FNDA:0,(anonymous_9)
DA:6,1
DA:9,1
DA:13,1
DA:15,1
DA:17,5
DA:18,5
DA:21,5
DA:22,5
DA:23,5
DA:24,5
DA:26,5
DA:28,1
DA:29,5
DA:30,0
DA:38,1
DA:39,5
DA:41,0
DA:46,0
DA:65,0
DA:80,0
DA:81,0
DA:84,0
DA:85,0
DA:91,0
DA:120,0
DA:134,0
DA:141,5
DA:142,0
DA:143,0
DA:144,0
DA:145,0
DA:146,0
LF:32
LH:16
BRDA:41,1,0,0
BRDA:41,1,1,0
BRF:2
BRH:0
end_of_record
TN:
SF:./src/client/app/modules/tables/controllers/nggrid.table.controller.js
FN:6,(anonymous_1)
FN:15,NGGridController
FN:25,activate
FN:33,setPagingData
FN:48,getPagedDataAsync
FN:51,(anonymous_6)
FN:55,(anonymous_7)
FN:56,(anonymous_8)
FN:62,(anonymous_9)
FN:73,init
FN:96,(anonymous_11)
FN:101,(anonymous_12)
FNF:12
FNH:7
FNDA:1,(anonymous_1)
FNDA:1,NGGridController
FNDA:1,activate
FNDA:0,setPagingData
FNDA:1,getPagedDataAsync
FNDA:0,(anonymous_6)
FNDA:0,(anonymous_7)
FNDA:0,(anonymous_8)
FNDA:0,(anonymous_9)
FNDA:1,init
FNDA:1,(anonymous_11)
FNDA:1,(anonymous_12)
DA:6,1
DA:9,1
DA:13,1
DA:15,1
DA:17,1
DA:19,1
DA:20,1
DA:21,1
DA:23,1
DA:25,1
DA:26,1
DA:27,1
DA:33,1
DA:35,0
DA:37,0
DA:39,0
DA:41,0
DA:42,0
DA:48,1
DA:49,1
DA:51,1
DA:53,0
DA:54,0
DA:55,0
DA:56,0
DA:57,0
DA:59,0
DA:62,0
DA:63,0
DA:73,1
DA:75,1
DA:79,1
DA:80,1
DA:86,1
DA:96,1
DA:97,1
DA:98,0
DA:101,1
DA:102,1
DA:103,0
DA:107,1
LF:41
LH:26
BRDA:41,1,0,0
BRDA:41,1,1,0
BRDA:53,2,0,0
BRDA:53,2,1,0
BRDA:97,3,0,0
BRDA:97,3,1,1
BRDA:97,4,0,1
BRDA:97,4,1,0
BRDA:102,5,0,0
BRDA:102,5,1,1
BRF:10
BRH:3
end_of_record
TN:
SF:./src/client/app/modules/tables/controllers/ngtable.controller.js
FN:6,(anonymous_1)
FN:15,NGTableCtrl
FN:23,activate
FN:32,init
FN:64,(anonymous_5)
FN:78,(anonymous_6)
FN:108,(anonymous_7)
FN:126,(anonymous_8)
FN:149,(anonymous_9)
FN:167,(anonymous_10)
FN:170,(anonymous_11)
FNF:11
FNH:4
FNDA:1,(anonymous_1)
FNDA:4,NGTableCtrl
FNDA:4,activate
FNDA:4,init
FNDA:0,(anonymous_5)
FNDA:0,(anonymous_6)
FNDA:0,(anonymous_7)
FNDA:0,(anonymous_8)
FNDA:0,(anonymous_9)
FNDA:0,(anonymous_10)
FNDA:0,(anonymous_11)
DA:6,1
DA:9,1
DA:13,1
DA:15,1
DA:17,4
DA:19,4
DA:21,4
DA:23,1
DA:24,4
DA:25,4
DA:32,1
DA:34,4
DA:57,4
DA:59,4
DA:66,0
DA:69,0
DA:73,0
DA:74,0
DA:78,4
DA:85,4
DA:103,4
DA:109,0
DA:118,4
DA:128,0
DA:132,0
DA:139,4
DA:151,0
DA:154,0
DA:156,0
DA:157,0
DA:161,4
DA:170,0
DA:171,0
LF:33
LH:20
BRDA:66,1,0,0
BRDA:66,1,1,0
BRDA:69,2,0,0
BRDA:69,2,1,0
BRDA:128,3,0,0
BRDA:128,3,1,0
BRDA:151,4,0,0
BRDA:151,4,1,0
BRF:8
BRH:0
end_of_record
TN:
SF:./src/client/app/modules/tables/controllers/xeditable.table.controller.js
FN:6,(anonymous_1)
FN:15,TablexEditableController
FN:35,activate
FN:44,init
FN:63,loadGroups
FN:65,(anonymous_6)
FN:70,showGroup
FN:79,showStatus
FN:87,checkName
FN:93,saveUser
FN:101,removeUser
FN:106,addUser
FN:121,saveColumn
FN:123,(anonymous_14)
FN:134,filterUser
FN:139,deleteUser
FN:147,cancel
FN:162,saveTable
FNF:18
FNH:4
FNDA:1,(anonymous_1)
FNDA:1,TablexEditableController
FNDA:1,activate
FNDA:1,init
FNDA:0,loadGroups
FNDA:0,(anonymous_6)
FNDA:0,showGroup
FNDA:0,showStatus
FNDA:0,checkName
FNDA:0,saveUser
FNDA:0,removeUser
FNDA:0,addUser
FNDA:0,saveColumn
FNDA:0,(anonymous_14)
FNDA:0,filterUser
FNDA:0,deleteUser
FNDA:0,cancel
FNDA:0,saveTable
DA:6,1
DA:9,1
DA:13,1
DA:15,1
DA:17,1
DA:19,1
DA:20,1
DA:21,1
DA:22,1
DA:23,1
DA:24,1
DA:25,1
DA:26,1
DA:27,1
DA:28,1
DA:29,1
DA:30,1
DA:31,1
DA:33,1
DA:35,1
DA:36,1
DA:37,1
DA:44,1
DA:47,1
DA:53,1
DA:60,1
DA:63,1
DA:64,0
DA:66,0
DA:70,1
DA:71,0
DA:72,0
DA:73,0
DA:75,0
DA:79,1
DA:80,0
DA:81,0
DA:82,0
DA:84,0
DA:87,1
DA:88,0
DA:89,0
DA:93,1
DA:95,0
DA:96,0
DA:101,1
DA:102,0
DA:106,1
DA:107,0
DA:114,0
DA:121,1
DA:122,0
DA:123,0
DA:125,0
DA:127,0
DA:134,1
DA:135,0
DA:139,1
DA:140,0
DA:141,0
DA:142,0
DA:147,1
DA:148,0
DA:149,0
DA:151,0
DA:152,0
DA:155,0
DA:156,0
DA:162,1
DA:163,0
DA:164,0
DA:165,0
DA:167,0
DA:168,0
DA:171,0
DA:172,0
DA:177,0
DA:180,0
LF:78
LH:38
BRDA:64,1,0,0
BRDA:64,1,1,0
BRDA:71,2,0,0
BRDA:71,2,1,0
BRDA:71,3,0,0
BRDA:71,3,1,0
BRDA:73,4,0,0
BRDA:73,4,1,0
BRDA:75,5,0,0
BRDA:75,5,1,0
BRDA:81,6,0,0
BRDA:81,6,1,0
BRDA:84,7,0,0
BRDA:84,7,1,0
BRDA:88,8,0,0
BRDA:88,8,1,0
BRDA:88,9,0,0
BRDA:88,9,1,0
BRDA:141,10,0,0
BRDA:141,10,1,0
BRDA:151,11,0,0
BRDA:151,11,1,0
BRDA:155,12,0,0
BRDA:155,12,1,0
BRDA:167,13,0,0
BRDA:167,13,1,0
BRDA:171,14,0,0
BRDA:171,14,1,0
BRF:28
BRH:0
end_of_record
TN:
SF:./src/client/app/modules/tables/services/ngtables.dataservice.js
FN:8,(anonymous_1)
FN:30,ngTableDataService
FN:48,getData
FN:53,(anonymous_4)
FN:61,getDataComplete
FN:66,filterdata
FN:67,(anonymous_7)
FN:74,(anonymous_8)
FN:80,getReady
FN:92,ready
FN:94,(anonymous_11)
FNF:11
FNH:5
FNDA:1,(anonymous_1)
FNDA:8,ngTableDataService
FNDA:0,getData
FNDA:0,(anonymous_4)
FNDA:0,getDataComplete
FNDA:0,filterdata
FNDA:0,(anonymous_7)
FNDA:0,(anonymous_8)
FNDA:1,getReady
FNDA:1,ready
FNDA:1,(anonymous_11)
DA:8,1
DA:11,1
DA:15,1
DA:30,1
DA:33,8
DA:34,8
DA:35,8
DA:36,8
DA:37,8
DA:39,8
DA:44,8
DA:48,1
DA:50,0
DA:51,0
DA:54,0
DA:55,0
DA:58,0
DA:61,1
DA:62,0
DA:63,0
DA:66,1
DA:67,0
DA:68,0
DA:69,0
DA:70,0
DA:72,0
DA:73,0
DA:75,0
DA:80,1
DA:81,1
DA:86,1
DA:87,1
DA:89,1
DA:92,1
DA:93,1
DA:95,1
LF:36
LH:22
BRDA:50,1,0,0
BRDA:50,1,1,0
BRDA:81,2,0,1
BRDA:81,2,1,0
BRDA:95,3,0,0
BRDA:95,3,1,1
BRF:6
BRH:2
end_of_record
TN:
SF:./src/client/app/modules/tables/services/xeditable.dataservice.js
FN:8,(anonymous_1)
FN:30,xEditableTableDataService
FN:45,getData
FN:49,(anonymous_4)
FN:54,getDataComplete
FN:59,getReady
FN:71,ready
FN:73,(anonymous_8)
FNF:8
FNH:7
FNDA:1,(anonymous_1)
FNDA:7,xEditableTableDataService
FNDA:2,getData
FNDA:0,(anonymous_4)
FNDA:2,getDataComplete
FNDA:1,getReady
FNDA:1,ready
FNDA:1,(anonymous_8)
DA:8,1
DA:11,1
DA:15,1
DA:30,1
DA:32,7
DA:33,7
DA:34,7
DA:36,7
DA:41,7
DA:45,1
DA:47,2
DA:50,0
DA:51,0
DA:54,1
DA:55,2
DA:59,1
DA:60,1
DA:65,1
DA:66,1
DA:68,1
DA:71,1
DA:72,1
DA:74,1
LF:23
LH:21
BRDA:60,1,0,1
BRDA:60,1,1,0
BRDA:74,2,0,0
BRDA:74,2,1,1
BRF:4
BRH:2
end_of_record
TN:
SF:./src/client/app/modules/tables/tables.route.js
FN:1,(anonymous_1)
FN:11,appRun
FN:14,getStates
FNF:3
FNH:3
FNDA:1,(anonymous_1)
FNDA:24,appRun
FNDA:24,getStates
DA:1,1
DA:4,1
DA:8,1
DA:11,1
DA:12,24
DA:14,1
DA:15,24
LF:7
LH:7
BRF:0
BRH:0
end_of_record
